-------------------------------------------------------------------------------
Test set: Tests.BuscarTest
-------------------------------------------------------------------------------
Tests run: 4, Failures: 3, Errors: 1, Skipped: 0, Time elapsed: 101.091 s <<< FAILURE! - in Tests.BuscarTest
testBuscarPorItemFarroad(Tests.BuscarTest)  Time elapsed: 31.341 s  <<< FAILURE!
org.junit.ComparisonFailure: expected:<R$ 5[24,32]> but was:<R$ 5[02,56]>
	at Tests.BuscarTest.testBuscarPorItemFarroad(BuscarTest.java:59)

testBuscarPorItemContinental(Tests.BuscarTest)  Time elapsed: 9.003 s  <<< FAILURE!
org.junit.ComparisonFailure: expected:<R$ 4[4]9,90> but was:<R$ 4[9]9,90>
	at Tests.BuscarTest.testBuscarPorItemContinental(BuscarTest.java:42)

testBuscarPorItemPirelli(Tests.BuscarTest)  Time elapsed: 101.09 s  <<< ERROR!
org.openqa.selenium.TimeoutException: Expected condition failed: waiting for element to be clickable: By.xpath: //div[3]/a/h2 (tried for 10 second(s) with 500 milliseconds interval)
	at Tests.BuscarTest.testBuscarPorItemPirelli(BuscarTest.java:25)
Caused by: org.openqa.selenium.NoSuchElementException: 
no such element: Unable to locate element: {"method":"xpath","selector":"//div[3]/a/h2"}
  (Session info: chrome=79.0.3945.117)
For documentation on this error, please visit: https://www.seleniumhq.org/exceptions/no_such_element.html
Build info: version: '3.141.59', revision: 'e82be7d358', time: '2018-11-14T08:17:03'
System info: host: 'LSPSELB310BNB', ip: '10.0.0.102', os.name: 'Windows 10', os.arch: 'amd64', os.version: '10.0', java.version: '1.8.0_241'
Driver info: org.openqa.selenium.remote.RemoteWebDriver
Capabilities {acceptInsecureCerts: false, browserName: chrome, browserVersion: 79.0.3945.117, chrome: {chromedriverVersion: 79.0.3945.36 (3582db32b3389..., userDataDir: /tmp/.com.google.Chrome.MYwBFk}, goog:chromeOptions: {debuggerAddress: localhost:45569}, javascriptEnabled: true, networkConnectionEnabled: false, pageLoadStrategy: normal, platform: LINUX, platformName: LINUX, proxy: Proxy(), setWindowRect: true, strictFileInteractability: false, timeouts: {implicit: 0, pageLoad: 300000, script: 30000}, unhandledPromptBehavior: dismiss and notify, webdriver.remote.sessionid: 28cc7507c538ecf4a2424e8448b...}
Session ID: 28cc7507c538ecf4a2424e8448b11bb2
*** Element info: {Using=xpath, value=//div[3]/a/h2}
	at Tests.BuscarTest.testBuscarPorItemPirelli(BuscarTest.java:25)

testBuscarPorItemAptany(Tests.BuscarTest)  Time elapsed: 8.822 s  <<< FAILURE!
org.junit.ComparisonFailure: expected:<R$ 3[74,90]> but was:<R$ 3[54,16]>
	at Tests.BuscarTest.testBuscarPorItemAptany(BuscarTest.java:76)

